<?xml version="1.0" encoding="UTF-8"?>
<testng-results skipped="0" failed="0" ignored="0" total="1" passed="1">
  <reporter-output>
  </reporter-output>
  <suite name="Default suite" duration-ms="55868" started-at="2019-04-24T17:03:21Z" finished-at="2019-04-24T17:04:17Z">
    <groups>
    </groups>
    <test name="Default test" duration-ms="55868" started-at="2019-04-24T17:03:21Z" finished-at="2019-04-24T17:04:17Z">
      <class name="PanasonicPurple.PurplePhone">
        <test-method status="PASS" signature="start()[pri:0, instance:PanasonicPurple.PurplePhone@7c16905e]" name="start" is-config="true" duration-ms="5076" started-at="2019-04-24T17:03:21Z" finished-at="2019-04-24T17:03:26Z">
          <reporter-output>
          </reporter-output>
        </test-method> <!-- start -->
        <test-method status="PASS" signature="f()[pri:0, instance:PanasonicPurple.PurplePhone@7c16905e]" name="f" duration-ms="50762" started-at="2019-04-24T17:03:26Z" finished-at="2019-04-24T17:04:17Z">
          <reporter-output>
          </reporter-output>
        </test-method> <!-- f -->
        <test-method status="PASS" signature="over()[pri:0, instance:PanasonicPurple.PurplePhone@7c16905e]" name="over" is-config="true" duration-ms="0" started-at="2019-04-24T17:04:17Z" finished-at="2019-04-24T17:04:17Z">
          <reporter-output>
          </reporter-output>
        </test-method> <!-- over -->
      </class> <!-- PanasonicPurple.PurplePhone -->
    </test> <!-- Default test -->
  </suite> <!-- Default suite -->
</testng-results>
